<?xml version="1.0" encoding="UTF-8"?>
<!-- Generated by org.testng.reporters.JUnitReportReporter -->
<testsuite hostname="Ajay" failures="0" tests="3" name="ord.testng.ParallelTestingPractice" time="6.098" errors="0" timestamp="21 Aug 2024 16:56:35 GMT" skipped="0">
  <testcase classname="ord.testng.ParallelTestingPractice" name="login" time="5.785"/>
  <testcase classname="ord.testng.ParallelTestingPractice" name="login" time="0.152"/>
  <testcase classname="ord.testng.ParallelTestingPractice" name="login" time="0.161"/>
</testsuite> <!-- ord.testng.ParallelTestingPractice -->
