<?xml version="1.0" encoding="UTF-8"?>
<!-- Generated by org.testng.reporters.JUnitReportReporter -->
<testsuite hostname="Ajay" failures="0" tests="1" name="testCases.AccountRegistrationTC001" time="1.331" errors="0" timestamp="31 Aug 2024 16:39:36 GMT" skipped="0">
  <testcase classname="testCases.AccountRegistrationTC001" name="accountCreation" time="1.331"/>
</testsuite> <!-- testCases.AccountRegistrationTC001 -->
