<?xml version="1.0" encoding="UTF-8"?>
<!-- Generated by org.testng.reporters.JUnitReportReporter -->
<testsuite hostname="Ajay" failures="0" tests="1" name="testCases.EndToEnd" time="76.837" errors="0" timestamp="01 Sep 2024 08:36:46 GMT" skipped="0">
  <testcase classname="testCases.EndToEnd" name="EndToEndTestCase" time="76.837"/>
</testsuite> <!-- testCases.EndToEnd -->
