<?xml version="1.0" encoding="UTF-8"?>
<!-- Generated by org.testng.reporters.JUnitReportReporter -->
<testsuite hostname="Ajay" failures="0" tests="1" name="testCases.LoginApplication" time="0.680" errors="0" timestamp="31 Aug 2024 16:39:36 GMT" skipped="0">
  <testcase classname="testCases.LoginApplication" name="loginApllication" time="0.680"/>
</testsuite> <!-- testCases.LoginApplication -->
