<?xml version="1.0" encoding="UTF-8"?>
<!-- Generated by org.testng.reporters.JUnitReportReporter -->
<testsuite hostname="Ajay" failures="0" tests="1" name="testCases.AccountRegistrationTC001" time="2.025" errors="0" timestamp="01 Sep 2024 06:17:03 GMT" skipped="0">
  <testcase classname="testCases.AccountRegistrationTC001" name="accountCreation" time="2.025"/>
</testsuite> <!-- testCases.AccountRegistrationTC001 -->
