<?xml version="1.0" encoding="UTF-8"?>
<!-- Generated by org.testng.reporters.JUnitReportReporter -->
<testsuite hostname="Ajay" failures="0" tests="1" name="testCases.LoginApplication" time="0.951" errors="0" timestamp="01 Sep 2024 06:17:03 GMT" skipped="0">
  <testcase classname="testCases.LoginApplication" name="loginApllication" time="0.951"/>
</testsuite> <!-- testCases.LoginApplication -->
