<?xml version="1.0" encoding="UTF-8"?>
<!-- Generated by org.testng.reporters.JUnitReportReporter -->
<testsuite hostname="Ajay" failures="0" tests="5" name="testCases.LoginApplicationDDT" time="11.079" errors="0" timestamp="01 Sep 2024 07:26:22 GMT" skipped="0">
  <testcase classname="testCases.LoginApplicationDDT" name="verifyLoginDDT" time="1.914"/>
  <testcase classname="testCases.LoginApplicationDDT" name="verifyLoginDDT" time="2.195"/>
  <testcase classname="testCases.LoginApplicationDDT" name="verifyLoginDDT" time="2.476"/>
  <testcase classname="testCases.LoginApplicationDDT" name="verifyLoginDDT" time="2.271"/>
  <testcase classname="testCases.LoginApplicationDDT" name="verifyLoginDDT" time="2.223"/>
</testsuite> <!-- testCases.LoginApplicationDDT -->
