<?xml version="1.0" encoding="UTF-8"?>
<!-- Generated by org.testng.reporters.JUnitReportReporter -->
<testsuite hostname="Ajay" failures="0" tests="1" name="org.selenium.practice.BrowserOpening" time="0.062" errors="0" timestamp="14 Aug 2024 12:02:02 GMT" skipped="0">
  <testcase classname="org.selenium.practice.BrowserOpening" name="maximizeWindow" time="0.062"/>
</testsuite> <!-- org.selenium.practice.BrowserOpening -->
