<?xml version="1.0" encoding="UTF-8"?>
<!-- Generated by org.testng.reporters.JUnitReportReporter -->
<testsuite hostname="Ajay" failures="0" tests="2" name="org.selenium.practice.RunnerFile" time="4.615" errors="0" timestamp="15 Aug 2024 09:30:09 GMT" skipped="0">
  <testcase classname="org.selenium.practice.RunnerFile" name="userLoggingIn" time="3.022"/>
  <testcase classname="org.selenium.practice.RunnerFile" name="userSearchingHotel" time="1.593"/>
</testsuite> <!-- org.selenium.practice.RunnerFile -->
