<?xml version="1.0" encoding="UTF-8"?>
<!-- Generated by org.testng.reporters.JUnitReportReporter -->
<testsuite hostname="Ajay" failures="0" tests="5" name="testCases.TC003_LoginDDT" time="41.606" errors="0" timestamp="31 Aug 2024 10:05:54 GMT" skipped="0">
  <testcase classname="testCases.TC003_LoginDDT" name="verifyLoginDDT" time="2.391"/>
  <testcase classname="testCases.TC003_LoginDDT" name="verifyLoginDDT" time="2.516"/>
  <testcase classname="testCases.TC003_LoginDDT" name="verifyLoginDDT" time="2.466"/>
  <testcase classname="testCases.TC003_LoginDDT" name="verifyLoginDDT" time="31.894"/>
  <testcase classname="testCases.TC003_LoginDDT" name="verifyLoginDDT" time="2.339"/>
</testsuite> <!-- testCases.TC003_LoginDDT -->
