<?xml version="1.0" encoding="UTF-8"?>
<!-- Generated by org.testng.reporters.JUnitReportReporter -->
<testsuite hostname="Ajay" failures="0" tests="1" name="testCases.AccountRegistrationTest" time="4.849" errors="0" timestamp="31 Aug 2024 09:19:38 GMT" skipped="0">
  <testcase classname="testCases.AccountRegistrationTest" name="verify_account_registration" time="4.849"/>
</testsuite> <!-- testCases.AccountRegistrationTest -->
