<?xml version="1.0" encoding="UTF-8"?>
<!-- Generated by org.testng.reporters.JUnitReportReporter -->
<testsuite hostname="Ajay" failures="0" tests="1" name="runner.Runner" time="8.132" errors="0" timestamp="10 Aug 2024 07:52:33 GMT" skipped="0">
  <testcase classname="runner.Runner" name="runScenario" time="8.132"/>
</testsuite> <!-- runner.Runner -->
