<?xml version="1.0" encoding="UTF-8"?>
<!-- Generated by org.testng.reporters.JUnitReportReporter -->
<testsuite hostname="Ajay" failures="0" tests="1" name="LoginPageTest.LoginTestPractice2" time="19.260" errors="0" timestamp="22 Aug 2024 07:01:08 GMT" skipped="0">
  <testcase classname="LoginPageTest.LoginTestPractice2" name="loginApplication" time="19.260"/>
</testsuite> <!-- LoginPageTest.LoginTestPractice2 -->
