<?xml version="1.0" encoding="UTF-8"?>
<!-- Generated by org.testng.reporters.JUnitReportReporter -->
<testsuite hostname="Ajay" failures="0" tests="1" name="LoginPageTest.LoginTest" time="1.977" errors="0" timestamp="13 Aug 2024 07:13:37 GMT" skipped="0">
  <testcase classname="LoginPageTest.LoginTest" name="loginApplication" time="1.977"/>
</testsuite> <!-- LoginPageTest.LoginTest -->
