<?xml version="1.0" encoding="UTF-8"?>
<!-- Generated by org.testng.reporters.JUnitReportReporter -->
<testsuite hostname="Ajay" failures="0" tests="1" name="LoginPageTest.LoginTest2" time="2.879" errors="0" timestamp="13 Aug 2024 07:26:59 GMT" skipped="0">
  <testcase classname="LoginPageTest.LoginTest2" name="loginApplication" time="2.879"/>
</testsuite> <!-- LoginPageTest.LoginTest2 -->
