<?xml version="1.0" encoding="UTF-8"?>
<!-- Generated by org.testng.reporters.JUnitReportReporter -->
<testsuite hostname="Ajay" failures="0" tests="2" name="TestRunner.LoginRunner" time="18.631" errors="0" timestamp="09 Aug 2024 10:43:33 GMT" skipped="0">
  <testcase classname="TestRunner.LoginRunner" name="runScenario" time="8.516"/>
  <testcase classname="TestRunner.LoginRunner" name="runScenario" time="10.115"/>
</testsuite> <!-- TestRunner.LoginRunner -->
