<?xml version="1.0" encoding="UTF-8"?>
<!-- Generated by org.testng.reporters.JUnitReportReporter -->
<testsuite hostname="Ajay" failures="0" tests="1" name="TestRunner.RunnerParameters" time="0.100" errors="0" timestamp="07 Aug 2024 11:10:14 GMT" skipped="1">
  <testcase classname="TestRunner.RunnerParameters" name="runScenario" time="0.100">
    <skipped/>
  </testcase> <!-- runScenario -->
</testsuite> <!-- TestRunner.RunnerParameters -->
