<?xml version="1.0" encoding="UTF-8"?>
<!-- Generated by org.testng.reporters.JUnitReportReporter -->
<testsuite hostname="Ajay" failures="0" tests="1" name="TestRunner.Runner" time="10.863" errors="0" timestamp="09 Aug 2024 10:06:22 GMT" skipped="0">
  <testcase classname="TestRunner.Runner" name="runScenario" time="10.863"/>
</testsuite> <!-- TestRunner.Runner -->
